[      17ms] [ERROR] Refused to apply style from 'http://localhost:4321/foundry-gate_astro/landing.css' because its MIME type ('text/html') is not a supported stylesheet MIME type, and strict MIME checking is enabled. @ http://localhost:4321/foundry-gate/:0
[      60ms] [ERROR] Failed to load resource: the server responded with a status of 404 (Not Found) @ http://localhost:4321/foundry-gatelogo.png:0
[      60ms] [ERROR] Failed to load resource: the server responded with a status of 404 (Not Found) @ http://localhost:4321/foundry-gateicons.png:0
[      81ms] [ERROR] Failed to load resource: the server responded with a status of 404 (Not Found) @ http://localhost:4321/foundry-gatefavicon.svg:0
[     127ms] [ERROR] Failed to load resource: the server responded with a status of 404 (Not Found) @ http://localhost:4321/foundry-gatelogo.png:0
[     129ms] [ERROR] Failed to load resource: the server responded with a status of 404 (Not Found) @ http://localhost:4321/foundry-gateicons.png:0
[    5321ms] [ERROR] Failed to load resource: the server responded with a status of 404 (Not Found) @ http://localhost:4321/foundry-gatefavicon.svg:0
[    5321ms] [ERROR] Failed to load resource: the server responded with a status of 404 (Not Found) @ http://localhost:4321/foundry-gatefavicon.svg:0
[    5322ms] [ERROR] Failed to load resource: the server responded with a status of 404 (Not Found) @ http://localhost:4321/foundry-gatefavicon.svg:0
[    5323ms] [ERROR] Failed to load resource: the server responded with a status of 404 (Not Found) @ http://localhost:4321/foundry-gatefavicon.svg:0
[    5323ms] [ERROR] Failed to load resource: the server responded with a status of 404 (Not Found) @ http://localhost:4321/foundry-gatefavicon.svg:0
[    5324ms] [ERROR] Failed to load resource: the server responded with a status of 404 (Not Found) @ http://localhost:4321/foundry-gatefavicon.svg:0
[    5390ms] [ERROR] Failed to load resource: the server responded with a status of 404 (Not Found) @ http://localhost:4321/foundry-gatefavicon.svg:0
[  408558ms] [ERROR] Refused to apply style from 'http://localhost:4321/foundry-gate_astro/landing.css' because its MIME type ('text/html') is not a supported stylesheet MIME type, and strict MIME checking is enabled. @ http://localhost:4321/foundry-gate/:0
[  408558ms] [ERROR] Failed to load resource: the server responded with a status of 404 (Not Found) @ http://localhost:4321/foundry-gatelogo.png:0
[  408559ms] [ERROR] Failed to load resource: the server responded with a status of 404 (Not Found) @ http://localhost:4321/foundry-gateicons.png:0
[  408592ms] [ERROR] Failed to load resource: the server responded with a status of 404 (Not Found) @ http://localhost:4321/foundry-gatefavicon.svg:0
[  408596ms] [ERROR] Failed to load resource: the server responded with a status of 404 (Not Found) @ http://localhost:4321/foundry-gatefavicon.svg:0
[  408619ms] [ERROR] Failed to load resource: the server responded with a status of 404 (Not Found) @ http://localhost:4321/foundry-gatelogo.png:0
[  408620ms] [ERROR] Failed to load resource: the server responded with a status of 404 (Not Found) @ http://localhost:4321/foundry-gateicons.png:0
[  436488ms] [ERROR] Refused to apply style from 'http://localhost:4321/foundry-gate_astro/landing.css' because its MIME type ('text/html') is not a supported stylesheet MIME type, and strict MIME checking is enabled. @ http://localhost:4321/foundry-gate/:0
[  436498ms] [ERROR] Failed to load resource: the server responded with a status of 404 (Not Found) @ http://localhost:4321/foundry-gatelogo.png:0
[  436498ms] [ERROR] Failed to load resource: the server responded with a status of 404 (Not Found) @ http://localhost:4321/foundry-gateicons.png:0
[  436505ms] [ERROR] Failed to load resource: the server responded with a status of 404 (Not Found) @ http://localhost:4321/foundry-gatefavicon.svg:0
[  436514ms] [ERROR] Failed to load resource: the server responded with a status of 404 (Not Found) @ http://localhost:4321/foundry-gatefavicon.svg:0
[  436524ms] [ERROR] Failed to load resource: the server responded with a status of 404 (Not Found) @ http://localhost:4321/foundry-gatelogo.png:0
[  436526ms] [ERROR] Failed to load resource: the server responded with a status of 404 (Not Found) @ http://localhost:4321/foundry-gateicons.png:0
[  443089ms] [ERROR] Refused to apply style from 'http://localhost:4321/foundry-gate_astro/landing.css' because its MIME type ('text/html') is not a supported stylesheet MIME type, and strict MIME checking is enabled. @ http://localhost:4321/foundry-gate/:0
[  443089ms] [ERROR] Failed to load resource: the server responded with a status of 404 (Not Found) @ http://localhost:4321/foundry-gatelogo.png:0
[  443089ms] [ERROR] Failed to load resource: the server responded with a status of 404 (Not Found) @ http://localhost:4321/foundry-gateicons.png:0
[  443092ms] [ERROR] Failed to load resource: the server responded with a status of 404 (Not Found) @ http://localhost:4321/foundry-gatefavicon.svg:0
[  443110ms] [ERROR] Failed to load resource: the server responded with a status of 404 (Not Found) @ http://localhost:4321/foundry-gatefavicon.svg:0
[  443118ms] [ERROR] Failed to load resource: the server responded with a status of 404 (Not Found) @ http://localhost:4321/foundry-gatelogo.png:0
[  443120ms] [ERROR] Failed to load resource: the server responded with a status of 404 (Not Found) @ http://localhost:4321/foundry-gateicons.png:0
